[2026-03-05 14:54:38] [MME] MME запущен (MCC=250, MNC=20)
[2026-03-05 14:54:38] [MME] MME: ожидание Initial UE Message...
[2026-03-05 14:54:38] [MAIN] vEPC запущен
[2026-03-05 14:54:38] [S1AP] S1AP сервер запущен на SCTP 36412
[2026-03-05 14:54:38] [GTP] GTP-C сервер запущен на UDP 2123
[2026-03-05 14:54:38] [SGSN] SGSN запущен (MCC=250, MNC=20)
[2026-03-05 14:54:38] [SGSN] SGSN: ожидание GTP-C сообщений...
[2026-03-05 14:54:38] [GTP] Ошибка bind на порт 2123
[2026-03-05 14:54:43] [SGSN] SGSN: ожидание GTP-C сообщений...
[2026-03-05 14:54:43] [MME] MME: ожидание Initial UE Message...
[2026-03-05 14:54:48] [SGSN] SGSN: ожидание GTP-C сообщений...
[2026-03-05 14:54:48] [MME] MME: ожидание Initial UE Message...
[2026-03-05 14:54:53] [SGSN] SGSN: ожидание GTP-C сообщений...
[2026-03-05 14:54:53] [MME] MME: ожидание Initial UE Message...
[2026-03-05 14:54:58] [SGSN] SGSN: ожидание GTP-C сообщений...
[2026-03-05 14:54:58] [MME] MME: ожидание Initial UE Message...
[2026-03-05 14:55:01] [SGSN] SGSN: ожидание GTP-C сообщений...
[2026-03-05 14:55:01] [MME] MME: ожидание Initial UE Message...
[2026-03-05 14:55:06] [SGSN] SGSN: ожидание GTP-C сообщений...
[2026-03-05 14:55:06] [MME] MME: ожидание Initial UE Message...
[2026-03-05 14:55:11] [SGSN] SGSN: ожидание GTP-C сообщений...
[2026-03-05 14:55:11] [MME] MME: ожидание Initial UE Message...
[2026-03-05 14:55:16] [SGSN] SGSN: ожидание GTP-C сообщений...
[2026-03-05 14:55:17] [MME] MME: ожидание Initial UE Message...
[2026-03-05 14:55:22] [SGSN] SGSN: ожидание GTP-C сообщений...
[2026-03-05 14:55:22] [MME] MME: ожидание Initial UE Message...
[2026-03-05 14:55:27] [SGSN] SGSN: ожидание GTP-C сообщений...
[2026-03-05 14:55:27] [MME] MME: ожидание Initial UE Message...
[2026-03-05 14:55:30] [SGSN] SGSN: ожидание GTP-C сообщений...
[2026-03-05 14:55:30] [MME] MME: ожидание Initial UE Message...
[2026-03-05 14:55:35] [SGSN] SGSN: ожидание GTP-C сообщений...
[2026-03-05 14:55:35] [MME] MME: ожидание Initial UE Message...
[2026-03-05 14:55:40] [SGSN] SGSN: ожидание GTP-C сообщений...
[2026-03-05 14:55:40] [MME] MME: ожидание Initial UE Message...
[2026-03-05 14:55:45] [SGSN] SGSN: ожидание GTP-C сообщений...
[2026-03-05 14:55:45] [MME] MME: ожидание Initial UE Message...
[2026-03-05 14:55:50] [SGSN] SGSN: ожидание GTP-C сообщений...
[2026-03-05 14:55:50] [MME] MME: ожидание Initial UE Message...
[2026-03-05 14:55:55] [SGSN] SGSN: ожидание GTP-C сообщений...
[2026-03-05 14:55:55] [MME] MME: ожидание Initial UE Message...
[2026-03-05 14:55:59] [SGSN] SGSN: ожидание GTP-C сообщений...
[2026-03-05 14:55:59] [MME] MME: ожидание Initial UE Message...
[2026-03-05 14:56:04] [SGSN] SGSN: ожидание GTP-C сообщений...
[2026-03-05 14:56:04] [MME] MME: ожидание Initial UE Message...
[2026-03-05 14:56:09] [SGSN] SGSN: ожидание GTP-C сообщений...
[2026-03-05 14:56:09] [MME] MME: ожидание Initial UE Message...
[2026-03-05 14:56:14] [SGSN] SGSN: ожидание GTP-C сообщений...
[2026-03-05 14:56:14] [MME] MME: ожидание Initial UE Message...
[2026-03-05 14:56:19] [SGSN] SGSN: ожидание GTP-C сообщений...
[2026-03-05 14:56:19] [MME] MME: ожидание Initial UE Message...
[2026-03-05 14:56:24] [SGSN] SGSN: ожидание GTP-C сообщений...
[2026-03-05 14:56:24] [MME] MME: ожидание Initial UE Message...
[2026-03-05 14:56:28] [SGSN] SGSN: ожидание GTP-C сообщений...
[2026-03-05 14:56:28] [MME] MME: ожидание Initial UE Message...
[2026-03-05 14:56:33] [SGSN] SGSN: ожидание GTP-C сообщений...
[2026-03-05 14:56:33] [MME] MME: ожидание Initial UE Message...
[2026-03-05 14:56:38] [SGSN] SGSN: ожидание GTP-C сообщений...
[2026-03-05 14:56:38] [MME] MME: ожидание Initial UE Message...
[2026-03-05 14:56:43] [SGSN] SGSN: ожидание GTP-C сообщений...
[2026-03-05 14:56:43] [MME] MME: ожидание Initial UE Message...
[2026-03-05 14:56:48] [SGSN] SGSN: ожидание GTP-C сообщений...
[2026-03-05 14:56:48] [MME] MME: ожидание Initial UE Message...
[2026-03-05 14:56:53] [SGSN] SGSN: ожидание GTP-C сообщений...
[2026-03-05 14:56:53] [MME] MME: ожидание Initial UE Message...
[2026-03-05 14:56:56] [SGSN] SGSN: ожидание GTP-C сообщений...
[2026-03-05 14:56:56] [MME] MME: ожидание Initial UE Message...
[2026-03-05 14:57:01] [SGSN] SGSN: ожидание GTP-C сообщений...
[2026-03-05 14:57:01] [MME] MME: ожидание Initial UE Message...
[2026-03-05 14:57:06] [SGSN] SGSN: ожидание GTP-C сообщений...
[2026-03-05 14:57:07] [MME] MME: ожидание Initial UE Message...
[2026-03-05 14:57:12] [SGSN] SGSN: ожидание GTP-C сообщений...
[2026-03-05 14:57:12] [MME] MME: ожидание Initial UE Message...
[2026-03-05 14:57:17] [SGSN] SGSN: ожидание GTP-C сообщений...
[2026-03-05 14:57:17] [MME] MME: ожидание Initial UE Message...
[2026-03-05 14:57:22] [SGSN] SGSN: ожидание GTP-C сообщений...
[2026-03-05 14:57:22] [MME] MME: ожидание Initial UE Message...
[2026-03-05 14:57:26] [SGSN] SGSN: ожидание GTP-C сообщений...
[2026-03-05 14:57:26] [MME] MME: ожидание Initial UE Message...
[2026-03-05 14:57:31] [SGSN] SGSN: ожидание GTP-C сообщений...
[2026-03-05 14:57:31] [MME] MME: ожидание Initial UE Message...
[2026-03-05 14:57:36] [SGSN] SGSN: ожидание GTP-C сообщений...
[2026-03-05 14:57:36] [MME] MME: ожидание Initial UE Message...
[2026-03-05 14:57:41] [SGSN] SGSN: ожидание GTP-C сообщений...
[2026-03-05 14:57:42] [MME] MME: ожидание Initial UE Message...
[2026-03-05 14:57:47] [SGSN] SGSN: ожидание GTP-C сообщений...
[2026-03-05 14:57:47] [MME] MME: ожидание Initial UE Message...
[2026-03-05 14:57:50] [SGSN] SGSN: ожидание GTP-C сообщений...
[2026-03-05 14:57:50] [MME] MME: ожидание Initial UE Message...
[2026-03-05 14:57:55] [MME] MME: ожидание Initial UE Message...
[2026-03-05 14:57:55] [SGSN] SGSN: ожидание GTP-C сообщений...
[2026-03-05 14:58:00] [MME] MME: ожидание Initial UE Message...
[2026-03-05 14:58:00] [SGSN] SGSN: ожидание GTP-C сообщений...
[2026-03-05 14:58:05] [MME] MME: ожидание Initial UE Message...
[2026-03-05 14:58:05] [SGSN] SGSN: ожидание GTP-C сообщений...
[2026-03-05 14:58:10] [MME] MME: ожидание Initial UE Message...
[2026-03-05 14:58:10] [SGSN] SGSN: ожидание GTP-C сообщений...
[2026-03-05 14:58:15] [MME] MME: ожидание Initial UE Message...
[2026-03-05 14:58:15] [SGSN] SGSN: ожидание GTP-C сообщений...
[2026-03-05 14:58:19] [MME] MME: ожидание Initial UE Message...
[2026-03-05 14:58:19] [SGSN] SGSN: ожидание GTP-C сообщений...
[2026-03-05 14:58:24] [MME] MME: ожидание Initial UE Message...
[2026-03-05 14:58:24] [SGSN] SGSN: ожидание GTP-C сообщений...
[2026-03-05 14:58:29] [MME] MME: ожидание Initial UE Message...
[2026-03-05 14:58:29] [SGSN] SGSN: ожидание GTP-C сообщений...
[2026-03-05 14:58:34] [MME] MME: ожидание Initial UE Message...
[2026-03-05 14:58:35] [SGSN] SGSN: ожидание GTP-C сообщений...
[2026-03-05 14:58:39] [MME] MME: ожидание Initial UE Message...
[2026-03-05 14:58:40] [SGSN] SGSN: ожидание GTP-C сообщений...
[2026-03-05 14:58:44] [MME] MME: ожидание Initial UE Message...
[2026-03-05 14:58:45] [SGSN] SGSN: ожидание GTP-C сообщений...
[2026-03-05 14:58:48] [MME] MME: ожидание Initial UE Message...
[2026-03-05 14:58:48] [SGSN] SGSN: ожидание GTP-C сообщений...
[2026-03-05 14:58:53] [MME] MME: ожидание Initial UE Message...
[2026-03-05 14:58:53] [SGSN] SGSN: ожидание GTP-C сообщений...
[2026-03-05 14:58:58] [MME] MME: ожидание Initial UE Message...
[2026-03-05 14:58:58] [SGSN] SGSN: ожидание GTP-C сообщений...
[2026-03-05 14:59:03] [MME] MME: ожидание Initial UE Message...
[2026-03-05 14:59:03] [SGSN] SGSN: ожидание GTP-C сообщений...
[2026-03-05 14:59:08] [MME] MME: ожидание Initial UE Message...
[2026-03-05 14:59:09] [SGSN] SGSN: ожидание GTP-C сообщений...
[2026-03-05 14:59:14] [MME] MME: ожидание Initial UE Message...
[2026-03-05 14:59:14] [SGSN] SGSN: ожидание GTP-C сообщений...
[2026-03-05 14:59:17] [MME] MME: ожидание Initial UE Message...
[2026-03-05 14:59:17] [SGSN] SGSN: ожидание GTP-C сообщений...
[2026-03-05 14:59:22] [MME] MME: ожидание Initial UE Message...
[2026-03-05 14:59:22] [SGSN] SGSN: ожидание GTP-C сообщений...
[2026-03-05 14:59:27] [MME] MME: ожидание Initial UE Message...
[2026-03-05 14:59:27] [SGSN] SGSN: ожидание GTP-C сообщений...
[2026-03-05 14:59:32] [MME] MME: ожидание Initial UE Message...
[2026-03-05 14:59:32] [SGSN] SGSN: ожидание GTP-C сообщений...
[2026-03-05 14:59:37] [MME] MME: ожидание Initial UE Message...
[2026-03-05 14:59:37] [SGSN] SGSN: ожидание GTP-C сообщений...
[2026-03-05 14:59:42] [MME] MME: ожидание Initial UE Message...
[2026-03-05 14:59:42] [SGSN] SGSN: ожидание GTP-C сообщений...
[2026-03-05 14:59:46] [MME] MME: ожидание Initial UE Message...
[2026-03-05 14:59:46] [SGSN] SGSN: ожидание GTP-C сообщений...
[2026-03-05 14:59:51] [MME] MME: ожидание Initial UE Message...
[2026-03-05 14:59:51] [SGSN] SGSN: ожидание GTP-C сообщений...
[2026-03-05 14:59:56] [MME] MME: ожидание Initial UE Message...
[2026-03-05 14:59:56] [SGSN] SGSN: ожидание GTP-C сообщений...
[2026-03-05 15:00:01] [MME] MME: ожидание Initial UE Message...
[2026-03-05 15:00:01] [SGSN] SGSN: ожидание GTP-C сообщений...
[2026-03-05 15:00:06] [MME] MME: ожидание Initial UE Message...
[2026-03-05 15:00:06] [SGSN] SGSN: ожидание GTP-C сообщений...
[2026-03-05 15:00:11] [MME] MME: ожидание Initial UE Message...
[2026-03-05 15:00:11] [SGSN] SGSN: ожидание GTP-C сообщений...
[2026-03-05 15:00:15] [MME] MME: ожидание Initial UE Message...
[2026-03-05 15:00:15] [SGSN] SGSN: ожидание GTP-C сообщений...
[2026-03-05 15:00:20] [MME] MME: ожидание Initial UE Message...
[2026-03-05 15:00:20] [SGSN] SGSN: ожидание GTP-C сообщений...
[2026-03-05 15:00:25] [MME] MME: ожидание Initial UE Message...
[2026-03-05 15:00:26] [SGSN] SGSN: ожидание GTP-C сообщений...
[2026-03-05 15:00:31] [MME] MME: ожидание Initial UE Message...
[2026-03-05 15:00:31] [SGSN] SGSN: ожидание GTP-C сообщений...
[2026-03-05 15:00:36] [MME] MME: ожидание Initial UE Message...
[2026-03-05 15:00:36] [SGSN] SGSN: ожидание GTP-C сообщений...
[2026-03-05 15:00:41] [MME] MME: ожидание Initial UE Message...
[2026-03-05 15:00:41] [SGSN] SGSN: ожидание GTP-C сообщений...
[2026-03-05 15:00:45] [MME] MME: ожидание Initial UE Message...
[2026-03-05 15:00:45] [SGSN] SGSN: ожидание GTP-C сообщений...
[2026-03-05 15:00:50] [MME] MME: ожидание Initial UE Message...
[2026-03-05 15:00:50] [SGSN] SGSN: ожидание GTP-C сообщений...
[2026-03-05 15:00:55] [MME] MME: ожидание Initial UE Message...
[2026-03-05 15:00:55] [SGSN] SGSN: ожидание GTP-C сообщений...
[2026-03-05 15:01:00] [MME] MME: ожидание Initial UE Message...
[2026-03-05 15:01:00] [SGSN] SGSN: ожидание GTP-C сообщений...
[2026-03-05 15:01:05] [MME] MME: ожидание Initial UE Message...
[2026-03-05 15:01:05] [SGSN] SGSN: ожидание GTP-C сообщений...
[2026-03-05 15:01:10] [MME] MME: ожидание Initial UE Message...
[2026-03-05 15:01:10] [SGSN] SGSN: ожидание GTP-C сообщений...
[2026-03-05 15:01:13] [MME] MME: ожидание Initial UE Message...
[2026-03-05 15:01:14] [SGSN] SGSN: ожидание GTP-C сообщений...
[2026-03-05 15:01:19] [MME] MME: ожидание Initial UE Message...
[2026-03-05 15:01:19] [SGSN] SGSN: ожидание GTP-C сообщений...
[2026-03-05 15:01:24] [MME] MME: ожидание Initial UE Message...
[2026-03-05 15:01:24] [SGSN] SGSN: ожидание GTP-C сообщений...
[2026-03-05 15:01:29] [MME] MME: ожидание Initial UE Message...
[2026-03-05 15:01:30] [SGSN] SGSN: ожидание GTP-C сообщений...
[2026-03-05 15:01:34] [MME] MME: ожидание Initial UE Message...
[2026-03-05 15:01:35] [SGSN] SGSN: ожидание GTP-C сообщений...
[2026-03-05 15:01:39] [MME] MME: ожидание Initial UE Message...
[2026-03-05 15:01:38] [SGSN] SGSN: ожидание GTP-C сообщений...
[2026-03-05 15:01:43] [MME] MME: ожидание Initial UE Message...
[2026-03-05 15:01:43] [SGSN] SGSN: ожидание GTP-C сообщений...
[2026-03-05 15:01:48] [MME] MME: ожидание Initial UE Message...
[2026-03-05 15:01:49] [SGSN] SGSN: ожидание GTP-C сообщений...
[2026-03-05 15:01:53] [MME] MME: ожидание Initial UE Message...
[2026-03-05 15:01:54] [SGSN] SGSN: ожидание GTP-C сообщений...
[2026-03-05 15:01:58] [MME] MME: ожидание Initial UE Message...
[2026-03-05 15:01:59] [SGSN] SGSN: ожидание GTP-C сообщений...
[2026-03-05 15:02:03] [MME] MME: ожидание Initial UE Message...
[2026-03-05 15:02:04] [SGSN] SGSN: ожидание GTP-C сообщений...
[2026-03-05 15:02:06] [MME] MME: ожидание Initial UE Message...
[2026-03-05 15:02:08] [SGSN] SGSN: ожидание GTP-C сообщений...
[2026-03-05 15:02:11] [MME] MME: ожидание Initial UE Message...
[2026-03-05 15:02:13] [SGSN] SGSN: ожидание GTP-C сообщений...
[2026-03-05 15:02:16] [MME] MME: ожидание Initial UE Message...
[2026-03-05 15:02:18] [SGSN] SGSN: ожидание GTP-C сообщений...
[2026-03-05 15:02:21] [MME] MME: ожидание Initial UE Message...
[2026-03-05 15:02:23] [SGSN] SGSN: ожидание GTP-C сообщений...
[2026-03-05 15:02:26] [MME] MME: ожидание Initial UE Message...
[2026-03-05 15:02:28] [SGSN] SGSN: ожидание GTP-C сообщений...
[2026-03-05 15:02:32] [MME] MME: ожидание Initial UE Message...
[2026-03-05 15:02:33] [SGSN] SGSN: ожидание GTP-C сообщений...
[2026-03-05 15:02:35] [MME] MME: ожидание Initial UE Message...
[2026-03-05 15:02:37] [SGSN] SGSN: ожидание GTP-C сообщений...
[2026-03-05 15:02:40] [MME] MME: ожидание Initial UE Message...
[2026-03-05 15:02:42] [SGSN] SGSN: ожидание GTP-C сообщений...
[2026-03-05 15:02:45] [MME] MME: ожидание Initial UE Message...
[2026-03-05 15:02:47] [SGSN] SGSN: ожидание GTP-C сообщений...
[2026-03-05 15:02:50] [MME] MME: ожидание Initial UE Message...
[2026-03-05 15:02:52] [SGSN] SGSN: ожидание GTP-C сообщений...
[2026-03-05 15:02:55] [MME] MME: ожидание Initial UE Message...
[2026-03-05 15:02:57] [SGSN] SGSN: ожидание GTP-C сообщений...
[2026-03-05 15:03:00] [MME] MME: ожидание Initial UE Message...
[2026-03-05 15:03:02] [SGSN] SGSN: ожидание GTP-C сообщений...
[2026-03-05 15:03:04] [MME] MME: ожидание Initial UE Message...
[2026-03-05 15:03:05] [SGSN] SGSN: ожидание GTP-C сообщений...
[2026-03-05 15:03:09] [MME] MME: ожидание Initial UE Message...
[2026-03-05 15:03:11] [SGSN] SGSN: ожидание GTP-C сообщений...
[2026-03-05 15:03:14] [MME] MME: ожидание Initial UE Message...
[2026-03-05 15:03:16] [SGSN] SGSN: ожидание GTP-C сообщений...
[2026-03-05 15:03:19] [MME] MME: ожидание Initial UE Message...
[2026-03-05 15:03:22] [SGSN] SGSN: ожидание GTP-C сообщений...
[2026-03-05 15:03:24] [MME] MME: ожидание Initial UE Message...
[2026-03-05 15:03:27] [SGSN] SGSN: ожидание GTP-C сообщений...
[2026-03-05 15:03:29] [MME] MME: ожидание Initial UE Message...
[2026-03-05 15:03:32] [SGSN] SGSN: ожидание GTP-C сообщений...
[2026-03-05 15:03:33] [MME] MME: ожидание Initial UE Message...
[2026-03-05 15:03:35] [SGSN] SGSN: ожидание GTP-C сообщений...
[2026-03-05 15:03:38] [MME] MME: ожидание Initial UE Message...
[2026-03-05 15:03:40] [SGSN] SGSN: ожидание GTP-C сообщений...
[2026-03-05 15:03:43] [MME] MME: ожидание Initial UE Message...
[2026-03-05 15:03:45] [SGSN] SGSN: ожидание GTP-C сообщений...
[2026-03-05 15:03:48] [MME] MME: ожидание Initial UE Message...
[2026-03-05 15:03:50] [SGSN] SGSN: ожидание GTP-C сообщений...
[2026-03-05 15:03:53] [MME] MME: ожидание Initial UE Message...
[2026-03-05 15:03:55] [SGSN] SGSN: ожидание GTP-C сообщений...
[2026-03-05 15:03:58] [MME] MME: ожидание Initial UE Message...
[2026-03-05 15:04:00] [SGSN] SGSN: ожидание GTP-C сообщений...
[2026-03-05 15:04:01] [MME] MME: ожидание Initial UE Message...
[2026-03-05 15:04:04] [SGSN] SGSN: ожидание GTP-C сообщений...
[2026-03-05 15:04:06] [MME] MME: ожидание Initial UE Message...
[2026-03-05 15:04:09] [SGSN] SGSN: ожидание GTP-C сообщений...
[2026-03-05 15:04:11] [MME] MME: ожидание Initial UE Message...
[2026-03-05 15:04:14] [SGSN] SGSN: ожидание GTP-C сообщений...
[2026-03-05 15:04:16] [MME] MME: ожидание Initial UE Message...
[2026-03-05 15:04:19] [SGSN] SGSN: ожидание GTP-C сообщений...
[2026-03-05 15:04:22] [MME] MME: ожидание Initial UE Message...
[2026-03-05 15:04:24] [SGSN] SGSN: ожидание GTP-C сообщений...
[2026-03-05 15:04:27] [MME] MME: ожидание Initial UE Message...
[2026-03-05 15:04:29] [SGSN] SGSN: ожидание GTP-C сообщений...
[2026-03-05 15:04:31] [MME] MME: ожидание Initial UE Message...
[2026-03-05 15:04:33] [SGSN] SGSN: ожидание GTP-C сообщений...
[2026-03-05 15:04:36] [MME] MME: ожидание Initial UE Message...
[2026-03-05 15:04:38] [SGSN] SGSN: ожидание GTP-C сообщений...
[2026-03-05 15:04:41] [MME] MME: ожидание Initial UE Message...
[2026-03-05 15:04:43] [SGSN] SGSN: ожидание GTP-C сообщений...
[2026-03-05 15:04:46] [MME] MME: ожидание Initial UE Message...
[2026-03-05 15:04:48] [SGSN] SGSN: ожидание GTP-C сообщений...
[2026-03-05 15:04:51] [MME] MME: ожидание Initial UE Message...
[2026-03-05 15:04:53] [SGSN] SGSN: ожидание GTP-C сообщений...
[2026-03-05 15:04:56] [MME] MME: ожидание Initial UE Message...
[2026-03-05 15:04:58] [SGSN] SGSN: ожидание GTP-C сообщений...
[2026-03-05 15:04:59] [MME] MME: ожидание Initial UE Message...
[2026-03-05 15:05:02] [SGSN] SGSN: ожидание GTP-C сообщений...
[2026-03-05 15:05:04] [MME] MME: ожидание Initial UE Message...
[2026-03-05 15:05:07] [SGSN] SGSN: ожидание GTP-C сообщений...
[2026-03-05 15:05:09] [MME] MME: ожидание Initial UE Message...
[2026-03-05 15:05:12] [SGSN] SGSN: ожидание GTP-C сообщений...
[2026-03-05 15:05:14] [MME] MME: ожидание Initial UE Message...
[2026-03-05 15:05:18] [SGSN] SGSN: ожидание GTP-C сообщений...
[2026-03-05 15:05:19] [MME] MME: ожидание Initial UE Message...
[2026-03-05 15:05:23] [SGSN] SGSN: ожидание GTP-C сообщений...
[2026-03-05 15:05:24] [MME] MME: ожидание Initial UE Message...
[2026-03-05 15:05:27] [SGSN] SGSN: ожидание GTP-C сообщений...
[2026-03-05 15:05:28] [MME] MME: ожидание Initial UE Message...
[2026-03-05 15:05:32] [SGSN] SGSN: ожидание GTP-C сообщений...
[2026-03-05 15:05:33] [MME] MME: ожидание Initial UE Message...
[2026-03-05 15:05:37] [SGSN] SGSN: ожидание GTP-C сообщений...
[2026-03-05 15:05:38] [MME] MME: ожидание Initial UE Message...
[2026-03-05 15:05:42] [SGSN] SGSN: ожидание GTP-C сообщений...
[2026-03-05 15:05:44] [MME] MME: ожидание Initial UE Message...
[2026-03-05 15:05:47] [SGSN] SGSN: ожидание GTP-C сообщений...
[2026-03-05 15:05:49] [MME] MME: ожидание Initial UE Message...
[2026-03-05 15:05:52] [SGSN] SGSN: ожидание GTP-C сообщений...
[2026-03-05 15:05:54] [MME] MME: ожидание Initial UE Message...
[2026-03-05 15:05:56] [SGSN] SGSN: ожидание GTP-C сообщений...
[2026-03-05 15:05:57] [MME] MME: ожидание Initial UE Message...
[2026-03-05 15:06:01] [SGSN] SGSN: ожидание GTP-C сообщений...
[2026-03-05 15:06:02] [MME] MME: ожидание Initial UE Message...
[2026-03-05 15:06:06] [SGSN] SGSN: ожидание GTP-C сообщений...
[2026-03-05 15:06:08] [MME] MME: ожидание Initial UE Message...
[2026-03-05 15:06:11] [SGSN] SGSN: ожидание GTP-C сообщений...
[2026-03-05 15:06:13] [MME] MME: ожидание Initial UE Message...
[2026-03-05 15:06:16] [SGSN] SGSN: ожидание GTP-C сообщений...
[2026-03-05 15:06:18] [MME] MME: ожидание Initial UE Message...
[2026-03-05 15:06:21] [SGSN] SGSN: ожидание GTP-C сообщений...
[2026-03-05 15:06:23] [MME] MME: ожидание Initial UE Message...
[2026-03-05 15:06:25] [SGSN] SGSN: ожидание GTP-C сообщений...
[2026-03-05 15:06:26] [MME] MME: ожидание Initial UE Message...
[2026-03-05 15:06:30] [SGSN] SGSN: ожидание GTP-C сообщений...
[2026-03-05 15:06:31] [MME] MME: ожидание Initial UE Message...
[2026-03-05 15:06:35] [SGSN] SGSN: ожидание GTP-C сообщений...
[2026-03-05 15:06:36] [MME] MME: ожидание Initial UE Message...
[2026-03-05 15:06:40] [SGSN] SGSN: ожидание GTP-C сообщений...
[2026-03-05 15:06:41] [MME] MME: ожидание Initial UE Message...
[2026-03-05 15:06:45] [SGSN] SGSN: ожидание GTP-C сообщений...
[2026-03-05 15:06:46] [MME] MME: ожидание Initial UE Message...
[2026-03-05 15:06:51] [SGSN] SGSN: ожидание GTP-C сообщений...
[2026-03-05 15:06:51] [MME] MME: ожидание Initial UE Message...
[2026-03-05 15:06:54] [SGSN] SGSN: ожидание GTP-C сообщений...
[2026-03-05 15:06:55] [MME] MME: ожидание Initial UE Message...
[2026-03-05 15:06:59] [SGSN] SGSN: ожидание GTP-C сообщений...
[2026-03-05 15:07:00] [MME] MME: ожидание Initial UE Message...
[2026-03-05 15:07:04] [SGSN] SGSN: ожидание GTP-C сообщений...
[2026-03-05 15:07:05] [MME] MME: ожидание Initial UE Message...
[2026-03-05 15:07:09] [SGSN] SGSN: ожидание GTP-C сообщений...
[2026-03-05 15:07:10] [MME] MME: ожидание Initial UE Message...
[2026-03-05 15:07:14] [SGSN] SGSN: ожидание GTP-C сообщений...
[2026-03-05 15:07:15] [MME] MME: ожидание Initial UE Message...
[2026-03-05 15:07:20] [SGSN] SGSN: ожидание GTP-C сообщений...
[2026-03-05 15:07:20] [MME] MME: ожидание Initial UE Message...
[2026-03-05 15:07:23] [SGSN] SGSN: ожидание GTP-C сообщений...
[2026-03-05 15:07:23] [MME] MME: ожидание Initial UE Message...
[2026-03-05 15:07:28] [SGSN] SGSN: ожидание GTP-C сообщений...
[2026-03-05 15:07:28] [MME] MME: ожидание Initial UE Message...
[2026-03-05 15:07:33] [SGSN] SGSN: ожидание GTP-C сообщений...
[2026-03-05 15:07:33] [MME] MME: ожидание Initial UE Message...
[2026-03-05 15:07:38] [SGSN] SGSN: ожидание GTP-C сообщений...
[2026-03-05 15:07:38] [MME] MME: ожидание Initial UE Message...
[2026-03-05 15:07:43] [SGSN] SGSN: ожидание GTP-C сообщений...
[2026-03-05 15:07:43] [MME] MME: ожидание Initial UE Message...
[2026-03-05 15:07:48] [SGSN] SGSN: ожидание GTP-C сообщений...
[2026-03-05 15:07:48] [MME] MME: ожидание Initial UE Message...
[2026-03-05 15:07:52] [SGSN] SGSN: ожидание GTP-C сообщений...
[2026-03-05 15:07:52] [MME] MME: ожидание Initial UE Message...
