[2026-03-05 22:54:05] [MAIN] vEPC запущен
[2026-03-05 22:54:05] [MAIN] CLI TCP готов: 127.0.0.1:5555
[2026-03-05 22:54:05] [GTP] GTP-C сервер запущен на UDP 2123
[2026-03-05 22:54:05] [SGSN] SGSN запущен
[2026-03-05 22:54:05] [SGSN] Ожидание GTP-C сообщений...
[2026-03-05 22:54:05] [S1AP] S1AP сервер запущен на SCTP 36412
[2026-03-05 22:54:05] [MME] MME запущен
[2026-03-05 22:54:05] [MME] Ожидание Initial UE Message...
[2026-03-05 22:54:10] [MME] Ожидание Initial UE Message...
[2026-03-05 22:54:10] [SGSN] Ожидание GTP-C сообщений...
[2026-03-05 22:54:23] [MAIN] vEPC запущен
[2026-03-05 22:54:23] [SGSN] SGSN запущен
[2026-03-05 22:54:23] [MME] MME запущен
[2026-03-05 22:54:23] [MME] Ожидание Initial UE Message...
[2026-03-05 22:54:23] [GTP] GTP-C сервер запущен на UDP 2123
[2026-03-05 22:54:23] [SGSN] Ожидание GTP-C сообщений...
[2026-03-05 22:54:23] [S1AP] S1AP сервер запущен на SCTP 36412
[2026-03-05 22:54:23] [MAIN] CLI TCP готов: 127.0.0.1:5555
[2026-03-05 22:54:28] [SGSN] Ожидание GTP-C сообщений...
[2026-03-05 22:54:28] [MME] Ожидание Initial UE Message...
[2026-03-05 22:54:33] [MME] Ожидание Initial UE Message...
[2026-03-05 22:54:33] [SGSN] Ожидание GTP-C сообщений...
[2026-03-05 22:54:38] [MME] Ожидание Initial UE Message...
[2026-03-05 22:54:38] [SGSN] Ожидание GTP-C сообщений...
[2026-03-05 22:54:43] [MME] Ожидание Initial UE Message...
[2026-03-05 22:54:43] [SGSN] Ожидание GTP-C сообщений...
[2026-03-05 22:54:48] [SGSN] Ожидание GTP-C сообщений...
[2026-03-05 22:54:48] [MME] Ожидание Initial UE Message...
[2026-03-05 22:54:53] [MME] Ожидание Initial UE Message...
[2026-03-05 22:54:54] [SGSN] Ожидание GTP-C сообщений...
[2026-03-05 22:54:59] [SGSN] Ожидание GTP-C сообщений...
[2026-03-05 22:54:59] [MME] Ожидание Initial UE Message...
[2026-03-05 22:55:04] [SGSN] Ожидание GTP-C сообщений...
[2026-03-05 22:55:04] [MME] Ожидание Initial UE Message...
[2026-03-05 22:55:09] [SGSN] Ожидание GTP-C сообщений...
[2026-03-05 22:55:09] [MME] Ожидание Initial UE Message...
[2026-03-05 22:55:35] [MAIN] vEPC запущен
[2026-03-05 22:55:35] [SGSN] SGSN запущен
[2026-03-05 22:55:35] [SGSN] Ожидание GTP-C сообщений...
[2026-03-05 22:55:35] [MME] MME запущен
[2026-03-05 22:55:35] [MME] Ожидание Initial UE Message...
[2026-03-05 22:55:35] [S1AP] S1AP сервер запущен на SCTP 36412
[2026-03-05 22:55:35] [GTP] GTP-C сервер запущен на UDP 2123
[2026-03-05 22:55:35] [MAIN] CLI TCP готов: 127.0.0.1:5555
[2026-03-05 22:55:40] [MME] Ожидание Initial UE Message...
[2026-03-05 22:55:40] [SGSN] Ожидание GTP-C сообщений...
[2026-03-05 22:55:45] [SGSN] Ожидание GTP-C сообщений...
[2026-03-05 22:55:45] [MME] Ожидание Initial UE Message...
[2026-03-05 22:55:50] [SGSN] Ожидание GTP-C сообщений...
[2026-03-05 22:55:50] [MME] Ожидание Initial UE Message...
[2026-03-05 22:56:53] [MAIN] vEPC запущен
[2026-03-05 22:56:53] [SGSN] SGSN запущен
[2026-03-05 22:56:53] [S1AP] S1AP сервер запущен на SCTP 36412
[2026-03-05 22:56:53] [MME] MME запущен
[2026-03-05 22:56:53] [GTP] GTP-C сервер запущен на UDP 2123
[2026-03-05 22:56:53] [SGSN] Ожидание GTP-C сообщений...
[2026-03-05 22:56:53] [MME] Ожидание Initial UE Message...
[2026-03-05 22:56:53] [MAIN] CLI TCP готов: 127.0.0.1:5555
[2026-03-05 22:59:59] [MAIN] vEPC запущен
[2026-03-05 22:59:59] [SGSN] SGSN запущен
[2026-03-05 22:59:59] [S1AP] S1AP сервер запущен на SCTP 36412
[2026-03-05 22:59:59] [MME] MME запущен
[2026-03-05 22:59:59] [GTP] GTP-C сервер запущен на UDP 2123
[2026-03-05 22:59:59] [SGSN] Ожидание GTP-C сообщений...
[2026-03-05 22:59:59] [MME] Ожидание Initial UE Message...
[2026-03-05 22:59:59] [MAIN] CLI TCP готов: 127.0.0.1:5555
[2026-03-05 23:00:04] [MME] Ожидание Initial UE Message...
[2026-03-05 23:00:04] [SGSN] Ожидание GTP-C сообщений...
[2026-03-05 23:00:09] [MME] Ожидание Initial UE Message...
[2026-03-05 23:00:10] [SGSN] Ожидание GTP-C сообщений...
[2026-03-05 23:00:14] [MME] Ожидание Initial UE Message...
[2026-03-05 23:00:15] [SGSN] Ожидание GTP-C сообщений...
[2026-03-05 23:00:20] [MME] Ожидание Initial UE Message...
[2026-03-05 23:00:20] [SGSN] Ожидание GTP-C сообщений...
[2026-03-05 23:00:25] [MME] Ожидание Initial UE Message...
[2026-03-05 23:00:26] [SGSN] Ожидание GTP-C сообщений...
[2026-03-05 23:00:31] [MME] Ожидание Initial UE Message...
[2026-03-05 23:00:33] [SGSN] Ожидание GTP-C сообщений...
[2026-03-05 23:00:38] [SGSN] Ожидание GTP-C сообщений...
[2026-03-05 23:00:38] [MME] Ожидание Initial UE Message...
[2026-03-05 23:00:43] [SGSN] Ожидание GTP-C сообщений...
[2026-03-05 23:00:43] [MME] Ожидание Initial UE Message...
[2026-03-05 23:00:48] [SGSN] Ожидание GTP-C сообщений...
[2026-03-05 23:00:49] [MME] Ожидание Initial UE Message...
[2026-03-05 23:00:53] [SGSN] Ожидание GTP-C сообщений...
[2026-03-05 23:00:54] [MME] Ожидание Initial UE Message...
[2026-03-05 23:00:59] [SGSN] Ожидание GTP-C сообщений...
[2026-03-05 23:01:02] [MME] Ожидание Initial UE Message...
[2026-03-05 23:01:04] [SGSN] Ожидание GTP-C сообщений...
[2026-03-05 23:10:16] [MAIN] vEPC запущен
[2026-03-05 23:10:16] [SGSN] SGSN запущен
[2026-03-05 23:10:16] [SGSN] Ожидание GTP-C сообщений...
[2026-03-05 23:10:16] [MME] MME запущен
[2026-03-05 23:10:16] [GTP] GTP-C сервер запущен на UDP 2123
[2026-03-05 23:10:16] [S1AP] S1AP сервер запущен на SCTP 36412
[2026-03-05 23:10:16] [MME] Ожидание Initial UE Message...
[2026-03-05 23:10:16] [MAIN] CLI TCP готов: 127.0.0.1:5555
[2026-03-05 23:10:21] [MME] Ожидание Initial UE Message...
[2026-03-05 23:10:21] [SGSN] Ожидание GTP-C сообщений...
[2026-03-05 23:10:26] [SGSN] Ожидание GTP-C сообщений...
[2026-03-05 23:10:26] [MME] Ожидание Initial UE Message...
[2026-03-05 23:10:31] [SGSN] Ожидание GTP-C сообщений...
[2026-03-05 23:10:31] [MME] Ожидание Initial UE Message...
[2026-03-05 23:10:36] [MME] Ожидание Initial UE Message...
[2026-03-05 23:10:36] [SGSN] Ожидание GTP-C сообщений...
[2026-03-05 23:10:41] [SGSN] Ожидание GTP-C сообщений...
[2026-03-05 23:10:41] [MME] Ожидание Initial UE Message...
[2026-03-05 23:10:46] [SGSN] Ожидание GTP-C сообщений...
[2026-03-05 23:10:46] [MME] Ожидание Initial UE Message...
[2026-03-05 23:10:51] [MME] Ожидание Initial UE Message...
[2026-03-05 23:10:51] [SGSN] Ожидание GTP-C сообщений...
[2026-03-05 23:10:56] [SGSN] Ожидание GTP-C сообщений...
[2026-03-05 23:10:56] [MME] Ожидание Initial UE Message...
[2026-03-05 23:11:01] [MME] Ожидание Initial UE Message...
[2026-03-05 23:11:01] [SGSN] Ожидание GTP-C сообщений...
[2026-03-05 23:11:06] [MME] Ожидание Initial UE Message...
[2026-03-05 23:11:06] [SGSN] Ожидание GTP-C сообщений...
[2026-03-05 23:11:11] [MME] Ожидание Initial UE Message...
[2026-03-05 23:11:11] [SGSN] Ожидание GTP-C сообщений...
[2026-03-05 23:11:16] [SGSN] Ожидание GTP-C сообщений...
[2026-03-05 23:11:16] [MME] Ожидание Initial UE Message...
[2026-03-05 23:11:21] [SGSN] Ожидание GTP-C сообщений...
[2026-03-05 23:11:21] [MME] Ожидание Initial UE Message...
[2026-03-05 23:11:26] [SGSN] Ожидание GTP-C сообщений...
[2026-03-05 23:11:26] [MME] Ожидание Initial UE Message...
[2026-03-05 23:11:31] [MME] Ожидание Initial UE Message...
[2026-03-05 23:11:31] [SGSN] Ожидание GTP-C сообщений...
[2026-03-05 23:11:36] [SGSN] Ожидание GTP-C сообщений...
[2026-03-05 23:11:36] [MME] Ожидание Initial UE Message...
[2026-03-05 23:11:41] [SGSN] Ожидание GTP-C сообщений...
[2026-03-05 23:11:41] [MME] Ожидание Initial UE Message...
[2026-03-05 23:11:46] [MME] Ожидание Initial UE Message...
[2026-03-05 23:11:46] [SGSN] Ожидание GTP-C сообщений...
[2026-03-05 23:11:51] [SGSN] Ожидание GTP-C сообщений...
[2026-03-05 23:11:51] [MME] Ожидание Initial UE Message...
[2026-03-05 23:11:56] [SGSN] Ожидание GTP-C сообщений...
[2026-03-05 23:11:56] [MME] Ожидание Initial UE Message...
[2026-03-05 23:12:01] [SGSN] Ожидание GTP-C сообщений...
[2026-03-05 23:12:01] [MME] Ожидание Initial UE Message...
[2026-03-05 23:12:06] [SGSN] Ожидание GTP-C сообщений...
[2026-03-05 23:12:06] [MME] Ожидание Initial UE Message...
[2026-03-05 23:12:11] [MME] Ожидание Initial UE Message...
[2026-03-05 23:12:11] [SGSN] Ожидание GTP-C сообщений...
[2026-03-05 23:12:16] [MME] Ожидание Initial UE Message...
[2026-03-05 23:12:16] [SGSN] Ожидание GTP-C сообщений...
[2026-03-05 23:12:21] [MME] Ожидание Initial UE Message...
[2026-03-05 23:12:21] [SGSN] Ожидание GTP-C сообщений...
[2026-03-05 23:12:26] [MME] Ожидание Initial UE Message...
[2026-03-05 23:12:26] [SGSN] Ожидание GTP-C сообщений...
[2026-03-05 23:12:31] [MME] Ожидание Initial UE Message...
[2026-03-05 23:12:31] [SGSN] Ожидание GTP-C сообщений...
[2026-03-05 23:12:37] [SGSN] Ожидание GTP-C сообщений...
[2026-03-05 23:12:37] [MME] Ожидание Initial UE Message...
[2026-03-05 23:12:42] [MME] Ожидание Initial UE Message...
[2026-03-05 23:12:42] [SGSN] Ожидание GTP-C сообщений...
[2026-03-05 23:12:47] [SGSN] Ожидание GTP-C сообщений...
[2026-03-05 23:12:47] [MME] Ожидание Initial UE Message...
[2026-03-05 23:12:52] [SGSN] Ожидание GTP-C сообщений...
[2026-03-05 23:12:52] [MME] Ожидание Initial UE Message...
[2026-03-05 23:12:57] [MME] Ожидание Initial UE Message...
[2026-03-05 23:12:57] [SGSN] Ожидание GTP-C сообщений...
[2026-03-05 23:13:02] [SGSN] Ожидание GTP-C сообщений...
[2026-03-05 23:13:02] [MME] Ожидание Initial UE Message...
[2026-03-05 23:13:07] [SGSN] Ожидание GTP-C сообщений...
[2026-03-05 23:13:07] [MME] Ожидание Initial UE Message...
[2026-03-05 23:13:12] [SGSN] Ожидание GTP-C сообщений...
[2026-03-05 23:13:12] [MME] Ожидание Initial UE Message...
[2026-03-05 23:13:17] [SGSN] Ожидание GTP-C сообщений...
[2026-03-05 23:13:17] [MME] Ожидание Initial UE Message...
[2026-03-05 23:13:22] [SGSN] Ожидание GTP-C сообщений...
[2026-03-05 23:13:22] [MME] Ожидание Initial UE Message...
[2026-03-05 23:13:27] [SGSN] Ожидание GTP-C сообщений...
[2026-03-05 23:13:27] [MME] Ожидание Initial UE Message...
[2026-03-05 23:13:32] [SGSN] Ожидание GTP-C сообщений...
[2026-03-05 23:13:32] [MME] Ожидание Initial UE Message...
[2026-03-05 23:13:37] [MME] Ожидание Initial UE Message...
[2026-03-05 23:13:37] [SGSN] Ожидание GTP-C сообщений...
[2026-03-05 23:13:42] [SGSN] Ожидание GTP-C сообщений...
[2026-03-05 23:13:42] [MME] Ожидание Initial UE Message...
[2026-03-05 23:13:47] [SGSN] Ожидание GTP-C сообщений...
[2026-03-05 23:13:47] [MME] Ожидание Initial UE Message...
[2026-03-05 23:13:52] [MME] Ожидание Initial UE Message...
[2026-03-05 23:13:52] [SGSN] Ожидание GTP-C сообщений...
[2026-03-05 23:13:57] [SGSN] Ожидание GTP-C сообщений...
[2026-03-05 23:13:57] [MME] Ожидание Initial UE Message...
[2026-03-05 23:14:02] [SGSN] Ожидание GTP-C сообщений...
[2026-03-05 23:14:02] [MME] Ожидание Initial UE Message...
[2026-03-05 23:14:07] [SGSN] Ожидание GTP-C сообщений...
[2026-03-05 23:14:07] [MME] Ожидание Initial UE Message...
[2026-03-05 23:14:12] [MME] Ожидание Initial UE Message...
[2026-03-05 23:14:12] [SGSN] Ожидание GTP-C сообщений...
[2026-03-05 23:14:17] [SGSN] Ожидание GTP-C сообщений...
[2026-03-05 23:14:18] [MME] Ожидание Initial UE Message...
[2026-03-05 23:14:23] [MME] Ожидание Initial UE Message...
[2026-03-05 23:14:23] [SGSN] Ожидание GTP-C сообщений...
[2026-03-05 23:14:28] [SGSN] Ожидание GTP-C сообщений...
[2026-03-05 23:14:28] [MME] Ожидание Initial UE Message...
[2026-03-05 23:14:33] [MME] Ожидание Initial UE Message...
[2026-03-05 23:14:33] [SGSN] Ожидание GTP-C сообщений...
[2026-03-05 23:14:38] [SGSN] Ожидание GTP-C сообщений...
[2026-03-05 23:14:38] [MME] Ожидание Initial UE Message...
[2026-03-05 23:14:43] [MME] Ожидание Initial UE Message...
[2026-03-05 23:14:43] [SGSN] Ожидание GTP-C сообщений...
[2026-03-05 23:14:48] [SGSN] Ожидание GTP-C сообщений...
[2026-03-05 23:14:48] [MME] Ожидание Initial UE Message...
[2026-03-05 23:14:53] [MME] Ожидание Initial UE Message...
[2026-03-05 23:14:53] [SGSN] Ожидание GTP-C сообщений...
[2026-03-05 23:14:58] [SGSN] Ожидание GTP-C сообщений...
[2026-03-05 23:14:58] [MME] Ожидание Initial UE Message...
[2026-03-05 23:15:03] [MME] Ожидание Initial UE Message...
[2026-03-05 23:15:03] [SGSN] Ожидание GTP-C сообщений...
[2026-03-05 23:15:08] [SGSN] Ожидание GTP-C сообщений...
[2026-03-05 23:15:08] [MME] Ожидание Initial UE Message...
[2026-03-05 23:15:13] [MME] Ожидание Initial UE Message...
[2026-03-05 23:15:13] [SGSN] Ожидание GTP-C сообщений...
[2026-03-05 23:15:18] [MME] Ожидание Initial UE Message...
[2026-03-05 23:15:18] [SGSN] Ожидание GTP-C сообщений...
[2026-03-05 23:15:23] [MME] Ожидание Initial UE Message...
[2026-03-05 23:15:23] [SGSN] Ожидание GTP-C сообщений...
[2026-03-05 23:15:33] [MAIN] vEPC запущен
[2026-03-05 23:15:33] [GTP] GTP-C сервер запущен на UDP 2123
[2026-03-05 23:15:33] [MME] MME запущен
[2026-03-05 23:15:33] [MME] Ожидание Initial UE Message...
[2026-03-05 23:15:33] [S1AP] S1AP сервер запущен на SCTP 36412
[2026-03-05 23:15:33] [SGSN] SGSN запущен
[2026-03-05 23:15:33] [SGSN] Ожидание GTP-C сообщений...
[2026-03-05 23:15:33] [MAIN] CLI TCP готов: 127.0.0.1:5555
[2026-03-05 23:26:47] [MAIN] vEPC started
[2026-03-05 23:26:47] [MME] MME started
[2026-03-05 23:26:47] [MME] Waiting for Initial UE Message...
[2026-03-05 23:26:47] [GTP] GTP-C server started on UDP 2123
[2026-03-05 23:26:47] [SGSN] SGSN started
[2026-03-05 23:26:47] [SGSN] Waiting for GTP-C messages...
[2026-03-05 23:26:47] [S1AP] S1AP server started on SCTP 36412
[2026-03-05 23:26:47] [MAIN] CLI TCP ready: 127.0.0.1:5555
[2026-03-05 23:26:52] [MME] Waiting for Initial UE Message...
[2026-03-05 23:26:52] [SGSN] Waiting for GTP-C messages...
[2026-03-05 23:26:57] [SGSN] Waiting for GTP-C messages...
[2026-03-05 23:26:57] [MME] Waiting for Initial UE Message...
[2026-03-05 23:27:02] [MME] Waiting for Initial UE Message...
[2026-03-05 23:27:02] [SGSN] Waiting for GTP-C messages...
[2026-03-05 23:27:07] [SGSN] Waiting for GTP-C messages...
[2026-03-05 23:27:07] [MME] Waiting for Initial UE Message...
[2026-03-05 23:27:12] [MME] Waiting for Initial UE Message...
[2026-03-05 23:27:12] [SGSN] Waiting for GTP-C messages...
[2026-03-05 23:27:17] [SGSN] Waiting for GTP-C messages...
[2026-03-05 23:27:17] [MME] Waiting for Initial UE Message...
[2026-03-05 23:27:22] [MME] Waiting for Initial UE Message...
[2026-03-05 23:27:22] [SGSN] Waiting for GTP-C messages...
[2026-03-05 23:27:27] [MME] Waiting for Initial UE Message...
[2026-03-05 23:27:27] [SGSN] Waiting for GTP-C messages...
[2026-03-05 23:27:32] [SGSN] Waiting for GTP-C messages...
[2026-03-05 23:27:32] [MME] Waiting for Initial UE Message...
[2026-03-05 23:27:37] [MME] Waiting for Initial UE Message...
[2026-03-05 23:27:37] [SGSN] Waiting for GTP-C messages...
[2026-03-05 23:27:42] [SGSN] Waiting for GTP-C messages...
[2026-03-05 23:27:42] [MME] Waiting for Initial UE Message...
[2026-03-05 23:27:47] [SGSN] Waiting for GTP-C messages...
[2026-03-05 23:27:47] [MME] Waiting for Initial UE Message...
[2026-03-05 23:27:52] [SGSN] Waiting for GTP-C messages...
[2026-03-05 23:27:52] [MME] Waiting for Initial UE Message...
[2026-03-05 23:27:57] [SGSN] Waiting for GTP-C messages...
[2026-03-05 23:27:57] [MME] Waiting for Initial UE Message...
[2026-03-05 23:28:02] [SGSN] Waiting for GTP-C messages...
[2026-03-05 23:28:03] [MME] Waiting for Initial UE Message...
[2026-03-05 23:28:08] [SGSN] Waiting for GTP-C messages...
[2026-03-05 23:28:08] [MME] Waiting for Initial UE Message...
[2026-03-05 23:28:13] [SGSN] Waiting for GTP-C messages...
[2026-03-05 23:28:13] [MME] Waiting for Initial UE Message...
[2026-03-05 23:28:18] [SGSN] Waiting for GTP-C messages...
[2026-03-05 23:28:18] [MME] Waiting for Initial UE Message...
[2026-03-05 23:28:23] [SGSN] Waiting for GTP-C messages...
[2026-03-05 23:28:24] [MME] Waiting for Initial UE Message...
[2026-03-05 23:28:29] [SGSN] Waiting for GTP-C messages...
[2026-03-05 23:28:29] [MME] Waiting for Initial UE Message...
[2026-03-05 23:28:34] [SGSN] Waiting for GTP-C messages...
[2026-03-05 23:28:34] [MME] Waiting for Initial UE Message...
[2026-03-05 23:28:39] [SGSN] Waiting for GTP-C messages...
[2026-03-05 23:28:39] [MME] Waiting for Initial UE Message...
[2026-03-05 23:28:44] [MME] Waiting for Initial UE Message...
[2026-03-05 23:28:44] [SGSN] Waiting for GTP-C messages...
[2026-03-05 23:28:49] [SGSN] Waiting for GTP-C messages...
[2026-03-05 23:28:49] [MME] Waiting for Initial UE Message...
[2026-03-05 23:28:54] [MME] Waiting for Initial UE Message...
[2026-03-05 23:28:54] [SGSN] Waiting for GTP-C messages...
[2026-03-05 23:28:59] [SGSN] Waiting for GTP-C messages...
[2026-03-05 23:28:59] [MME] Waiting for Initial UE Message...
[2026-03-05 23:29:04] [MME] Waiting for Initial UE Message...
[2026-03-05 23:29:04] [SGSN] Waiting for GTP-C messages...
[2026-03-05 23:29:09] [MME] Waiting for Initial UE Message...
[2026-03-05 23:29:09] [SGSN] Waiting for GTP-C messages...
[2026-03-05 23:29:14] [MME] Waiting for Initial UE Message...
[2026-03-05 23:29:14] [SGSN] Waiting for GTP-C messages...
[2026-03-05 23:29:19] [MME] Waiting for Initial UE Message...
[2026-03-05 23:29:19] [SGSN] Waiting for GTP-C messages...
[2026-03-05 23:29:25] [MME] Waiting for Initial UE Message...
[2026-03-05 23:29:25] [SGSN] Waiting for GTP-C messages...
[2026-03-05 23:29:30] [MME] Waiting for Initial UE Message...
[2026-03-05 23:29:30] [SGSN] Waiting for GTP-C messages...
[2026-03-05 23:29:35] [SGSN] Waiting for GTP-C messages...
[2026-03-05 23:29:35] [MME] Waiting for Initial UE Message...
[2026-03-05 23:29:40] [MME] Waiting for Initial UE Message...
[2026-03-05 23:29:40] [SGSN] Waiting for GTP-C messages...
[2026-03-05 23:29:45] [SGSN] Waiting for GTP-C messages...
[2026-03-05 23:29:45] [MME] Waiting for Initial UE Message...
[2026-03-05 23:29:50] [MME] Waiting for Initial UE Message...
[2026-03-05 23:29:50] [SGSN] Waiting for GTP-C messages...
[2026-03-05 23:29:55] [SGSN] Waiting for GTP-C messages...
[2026-03-05 23:29:55] [MME] Waiting for Initial UE Message...
[2026-03-05 23:30:00] [SGSN] Waiting for GTP-C messages...
[2026-03-05 23:30:00] [MME] Waiting for Initial UE Message...
[2026-03-05 23:30:05] [SGSN] Waiting for GTP-C messages...
[2026-03-05 23:30:05] [MME] Waiting for Initial UE Message...
[2026-03-05 23:30:10] [MME] Waiting for Initial UE Message...
[2026-03-05 23:30:10] [SGSN] Waiting for GTP-C messages...
[2026-03-05 23:30:15] [MME] Waiting for Initial UE Message...
[2026-03-05 23:30:15] [SGSN] Waiting for GTP-C messages...
[2026-03-05 23:30:20] [MAIN] vEPC started
[2026-03-05 23:30:20] [SGSN] SGSN started
[2026-03-05 23:30:20] [MME] MME started
[2026-03-05 23:30:20] [S1AP] S1AP server started on SCTP 36412
[2026-03-05 23:30:20] [GTP] GTP-C server started on UDP 2123
[2026-03-05 23:30:20] [SGSN] Waiting for GTP-C messages...
[2026-03-05 23:30:20] [MME] Waiting for Initial UE Message...
[2026-03-05 23:30:20] [MAIN] CLI TCP ready: 127.0.0.1:5555
[2026-03-05 23:30:25] [SGSN] Waiting for GTP-C messages...
[2026-03-05 23:30:25] [MME] Waiting for Initial UE Message...
[2026-03-05 23:30:30] [SGSN] Waiting for GTP-C messages...
[2026-03-05 23:30:30] [MME] Waiting for Initial UE Message...
[2026-03-05 23:30:35] [SGSN] Waiting for GTP-C messages...
[2026-03-05 23:30:35] [MME] Waiting for Initial UE Message...
[2026-03-05 23:30:40] [SGSN] Waiting for GTP-C messages...
[2026-03-05 23:30:40] [MME] Waiting for Initial UE Message...
[2026-03-05 23:30:45] [SGSN] Waiting for GTP-C messages...
[2026-03-05 23:30:45] [MME] Waiting for Initial UE Message...
[2026-03-05 23:30:50] [MME] Waiting for Initial UE Message...
[2026-03-05 23:30:50] [SGSN] Waiting for GTP-C messages...
[2026-03-05 23:30:55] [SGSN] Waiting for GTP-C messages...
[2026-03-05 23:30:55] [MME] Waiting for Initial UE Message...
[2026-03-05 23:31:00] [MME] Waiting for Initial UE Message...
[2026-03-05 23:31:00] [SGSN] Waiting for GTP-C messages...
[2026-03-05 23:31:05] [SGSN] Waiting for GTP-C messages...
[2026-03-05 23:31:05] [MME] Waiting for Initial UE Message...
[2026-03-05 23:31:10] [SGSN] Waiting for GTP-C messages...
[2026-03-05 23:31:10] [MME] Waiting for Initial UE Message...
[2026-03-05 23:31:15] [MME] Waiting for Initial UE Message...
[2026-03-05 23:31:15] [SGSN] Waiting for GTP-C messages...
[2026-03-05 23:31:20] [MME] Waiting for Initial UE Message...
[2026-03-05 23:31:20] [SGSN] Waiting for GTP-C messages...
[2026-03-05 23:31:25] [MME] Waiting for Initial UE Message...
[2026-03-05 23:31:25] [SGSN] Waiting for GTP-C messages...
[2026-03-05 23:31:30] [SGSN] Waiting for GTP-C messages...
[2026-03-05 23:31:30] [MME] Waiting for Initial UE Message...
[2026-03-05 23:31:35] [SGSN] Waiting for GTP-C messages...
[2026-03-05 23:31:35] [MME] Waiting for Initial UE Message...
[2026-03-05 23:31:40] [MME] Waiting for Initial UE Message...
[2026-03-05 23:31:41] [SGSN] Waiting for GTP-C messages...
[2026-03-05 23:31:46] [MME] Waiting for Initial UE Message...
[2026-03-05 23:31:46] [SGSN] Waiting for GTP-C messages...
[2026-03-05 23:31:51] [MME] Waiting for Initial UE Message...
[2026-03-05 23:31:51] [SGSN] Waiting for GTP-C messages...
[2026-03-05 23:31:56] [MME] Waiting for Initial UE Message...
[2026-03-05 23:31:56] [SGSN] Waiting for GTP-C messages...
[2026-03-05 23:32:01] [MME] Waiting for Initial UE Message...
[2026-03-05 23:32:01] [SGSN] Waiting for GTP-C messages...
[2026-03-05 23:32:06] [MME] Waiting for Initial UE Message...
[2026-03-05 23:32:06] [SGSN] Waiting for GTP-C messages...
[2026-03-05 23:32:11] [MME] Waiting for Initial UE Message...
[2026-03-05 23:32:11] [SGSN] Waiting for GTP-C messages...
[2026-03-05 23:32:16] [MME] Waiting for Initial UE Message...
[2026-03-05 23:32:16] [SGSN] Waiting for GTP-C messages...
[2026-03-05 23:32:21] [MME] Waiting for Initial UE Message...
[2026-03-05 23:32:21] [SGSN] Waiting for GTP-C messages...
[2026-03-05 23:32:26] [MME] Waiting for Initial UE Message...
[2026-03-05 23:32:26] [SGSN] Waiting for GTP-C messages...
[2026-03-05 23:32:31] [MME] Waiting for Initial UE Message...
[2026-03-05 23:32:31] [SGSN] Waiting for GTP-C messages...
[2026-03-05 23:32:36] [MME] Waiting for Initial UE Message...
[2026-03-05 23:32:36] [SGSN] Waiting for GTP-C messages...
[2026-03-05 23:32:41] [SGSN] Waiting for GTP-C messages...
[2026-03-05 23:32:42] [MME] Waiting for Initial UE Message...
[2026-03-05 23:32:47] [SGSN] Waiting for GTP-C messages...
[2026-03-05 23:32:47] [MME] Waiting for Initial UE Message...
[2026-03-05 23:32:52] [SGSN] Waiting for GTP-C messages...
[2026-03-05 23:32:52] [MME] Waiting for Initial UE Message...
[2026-03-05 23:32:57] [MME] Waiting for Initial UE Message...
[2026-03-05 23:32:57] [SGSN] Waiting for GTP-C messages...
[2026-03-05 23:33:03] [MAIN] vEPC started
[2026-03-05 23:33:03] [GTP] GTP-C server started on UDP 2123
[2026-03-05 23:33:03] [MME] MME started
[2026-03-05 23:33:03] [MME] Waiting for Initial UE Message...
[2026-03-05 23:33:03] [S1AP] S1AP server started on SCTP 36412
[2026-03-05 23:33:03] [SGSN] SGSN started
[2026-03-05 23:33:03] [SGSN] Waiting for GTP-C messages...
[2026-03-05 23:33:03] [MAIN] CLI TCP ready: 127.0.0.1:5555
[2026-03-05 23:33:08] [MME] Waiting for Initial UE Message...
[2026-03-05 23:33:08] [SGSN] Waiting for GTP-C messages...
[2026-03-05 23:33:13] [MME] Waiting for Initial UE Message...
[2026-03-05 23:33:13] [SGSN] Waiting for GTP-C messages...
[2026-03-05 23:33:18] [SGSN] Waiting for GTP-C messages...
[2026-03-05 23:33:18] [MME] Waiting for Initial UE Message...
[2026-03-05 23:33:23] [SGSN] Waiting for GTP-C messages...
[2026-03-05 23:33:23] [MME] Waiting for Initial UE Message...
[2026-03-05 23:33:28] [SGSN] Waiting for GTP-C messages...
[2026-03-05 23:33:29] [MME] Waiting for Initial UE Message...
[2026-03-05 23:33:33] [SGSN] Waiting for GTP-C messages...
[2026-03-05 23:33:34] [MME] Waiting for Initial UE Message...
[2026-03-05 23:33:38] [SGSN] Waiting for GTP-C messages...
[2026-03-05 23:33:39] [MME] Waiting for Initial UE Message...
[2026-03-05 23:33:43] [SGSN] Waiting for GTP-C messages...
[2026-03-05 23:33:44] [MME] Waiting for Initial UE Message...
[2026-03-05 23:33:48] [SGSN] Waiting for GTP-C messages...
[2026-03-05 23:33:49] [MME] Waiting for Initial UE Message...
[2026-03-05 23:33:54] [SGSN] Waiting for GTP-C messages...
[2026-03-05 23:33:54] [MME] Waiting for Initial UE Message...
[2026-03-05 23:33:59] [SGSN] Waiting for GTP-C messages...
[2026-03-05 23:33:59] [MME] Waiting for Initial UE Message...
[2026-03-05 23:34:04] [SGSN] Waiting for GTP-C messages...
[2026-03-05 23:34:04] [MME] Waiting for Initial UE Message...
[2026-03-05 23:34:09] [SGSN] Waiting for GTP-C messages...
[2026-03-05 23:34:09] [MME] Waiting for Initial UE Message...
[2026-03-05 23:34:14] [SGSN] Waiting for GTP-C messages...
[2026-03-05 23:34:15] [MME] Waiting for Initial UE Message...
[2026-03-05 23:34:19] [SGSN] Waiting for GTP-C messages...
[2026-03-05 23:34:20] [MME] Waiting for Initial UE Message...
[2026-03-05 23:39:26] [MAIN] vEPC started
[2026-03-05 23:39:26] [GTP] GTP-C server started on UDP 2123
[2026-03-05 23:39:26] [S1AP] S1AP server started on SCTP 36412
[2026-03-05 23:39:26] [SGSN] SGSN started
[2026-03-05 23:39:26] [SGSN] Waiting for GTP-C messages...
[2026-03-05 23:39:26] [MME] MME started
[2026-03-05 23:39:26] [MAIN] CLI TCP ready: 127.0.0.1:5555
[2026-03-05 23:39:26] [MME] Waiting for Initial UE Message...
[2026-03-05 23:39:31] [SGSN] Waiting for GTP-C messages...
[2026-03-05 23:39:31] [MME] Waiting for Initial UE Message...
[2026-03-05 23:39:36] [SGSN] Waiting for GTP-C messages...
[2026-03-05 23:39:36] [MME] Waiting for Initial UE Message...
[2026-03-05 23:39:41] [SGSN] Waiting for GTP-C messages...
[2026-03-05 23:39:41] [MME] Waiting for Initial UE Message...
[2026-03-05 23:39:46] [SGSN] Waiting for GTP-C messages...
[2026-03-05 23:39:46] [MME] Waiting for Initial UE Message...
[2026-03-05 23:39:51] [SGSN] Waiting for GTP-C messages...
[2026-03-05 23:39:51] [MME] Waiting for Initial UE Message...
[2026-03-05 23:39:56] [SGSN] Waiting for GTP-C messages...
[2026-03-05 23:39:56] [MME] Waiting for Initial UE Message...
[2026-03-05 23:40:01] [MME] Waiting for Initial UE Message...
[2026-03-05 23:40:02] [SGSN] Waiting for GTP-C messages...
[2026-03-05 23:40:07] [MME] Waiting for Initial UE Message...
[2026-03-05 23:40:07] [SGSN] Waiting for GTP-C messages...
[2026-03-05 23:40:12] [MME] Waiting for Initial UE Message...
[2026-03-05 23:40:12] [SGSN] Waiting for GTP-C messages...
[2026-03-05 23:40:17] [MME] Waiting for Initial UE Message...
[2026-03-05 23:40:17] [SGSN] Waiting for GTP-C messages...
[2026-03-05 23:40:22] [MME] Waiting for Initial UE Message...
[2026-03-05 23:40:22] [SGSN] Waiting for GTP-C messages...
[2026-03-05 23:40:27] [MME] Waiting for Initial UE Message...
[2026-03-05 23:40:27] [SGSN] Waiting for GTP-C messages...
[2026-03-05 23:40:32] [SGSN] Waiting for GTP-C messages...
[2026-03-05 23:40:32] [MME] Waiting for Initial UE Message...
[2026-03-05 23:40:37] [SGSN] Waiting for GTP-C messages...
[2026-03-05 23:40:37] [MME] Waiting for Initial UE Message...
[2026-03-05 23:40:42] [MME] Waiting for Initial UE Message...
[2026-03-05 23:40:42] [SGSN] Waiting for GTP-C messages...
[2026-03-05 23:40:48] [MME] Waiting for Initial UE Message...
[2026-03-05 23:40:48] [SGSN] Waiting for GTP-C messages...
[2026-03-05 23:40:53] [SGSN] Waiting for GTP-C messages...
[2026-03-05 23:40:53] [MME] Waiting for Initial UE Message...
[2026-03-05 23:40:58] [SGSN] Waiting for GTP-C messages...
[2026-03-05 23:40:58] [MME] Waiting for Initial UE Message...
[2026-03-05 23:41:03] [SGSN] Waiting for GTP-C messages...
[2026-03-05 23:41:03] [MME] Waiting for Initial UE Message...
[2026-03-05 23:41:08] [SGSN] Waiting for GTP-C messages...
[2026-03-05 23:41:08] [MME] Waiting for Initial UE Message...
[2026-03-05 23:41:13] [SGSN] Waiting for GTP-C messages...
[2026-03-05 23:41:13] [MME] Waiting for Initial UE Message...
[2026-03-05 23:41:18] [SGSN] Waiting for GTP-C messages...
[2026-03-05 23:41:18] [MME] Waiting for Initial UE Message...
[2026-03-05 23:41:23] [SGSN] Waiting for GTP-C messages...
[2026-03-05 23:41:23] [MME] Waiting for Initial UE Message...
[2026-03-05 23:41:28] [SGSN] Waiting for GTP-C messages...
[2026-03-05 23:41:28] [MME] Waiting for Initial UE Message...
[2026-03-05 23:41:33] [SGSN] Waiting for GTP-C messages...
[2026-03-05 23:41:33] [MME] Waiting for Initial UE Message...
[2026-03-05 23:41:38] [SGSN] Waiting for GTP-C messages...
[2026-03-05 23:41:38] [MME] Waiting for Initial UE Message...
[2026-03-05 23:41:43] [SGSN] Waiting for GTP-C messages...
[2026-03-05 23:41:43] [MME] Waiting for Initial UE Message...
[2026-03-05 23:41:48] [SGSN] Waiting for GTP-C messages...
[2026-03-05 23:41:49] [MME] Waiting for Initial UE Message...
[2026-03-05 23:41:53] [SGSN] Waiting for GTP-C messages...
[2026-03-05 23:41:54] [MME] Waiting for Initial UE Message...
[2026-03-05 23:41:58] [SGSN] Waiting for GTP-C messages...
[2026-03-05 23:41:59] [MME] Waiting for Initial UE Message...
[2026-03-05 23:42:03] [SGSN] Waiting for GTP-C messages...
[2026-03-05 23:42:04] [MME] Waiting for Initial UE Message...
[2026-03-05 23:42:51] [MAIN] vEPC started
[2026-03-05 23:42:51] [MME] MME started
[2026-03-05 23:42:51] [GTP] GTP-C server started on UDP 2123
[2026-03-05 23:42:51] [S1AP] S1AP server started on SCTP 36412
[2026-03-05 23:42:51] [SGSN] SGSN started
[2026-03-05 23:42:51] [MME] Waiting for Initial UE Message...
[2026-03-05 23:42:51] [SGSN] Waiting for GTP-C messages...
[2026-03-05 23:42:51] [MAIN] CLI TCP ready: 127.0.0.1:5555
[2026-03-05 23:42:56] [MME] Waiting for Initial UE Message...
[2026-03-05 23:42:56] [SGSN] Waiting for GTP-C messages...
[2026-03-05 23:43:01] [MME] Waiting for Initial UE Message...
[2026-03-05 23:43:01] [SGSN] Waiting for GTP-C messages...
[2026-03-05 23:43:16] [MAIN] vEPC started
[2026-03-05 23:43:16] [S1AP] S1AP server started on SCTP 36412
[2026-03-05 23:43:16] [SGSN] SGSN started
[2026-03-05 23:43:16] [MME] MME started
[2026-03-05 23:43:16] [GTP] GTP-C server started on UDP 2123
[2026-03-05 23:43:16] [SGSN] Waiting for GTP-C messages...
[2026-03-05 23:43:16] [MME] Waiting for Initial UE Message...
[2026-03-05 23:43:16] [MAIN] CLI TCP ready: 127.0.0.1:5555
[2026-03-05 23:43:21] [SGSN] Waiting for GTP-C messages...
[2026-03-05 23:43:21] [MME] Waiting for Initial UE Message...
[2026-03-05 23:43:26] [MME] Waiting for Initial UE Message...
[2026-03-05 23:43:27] [SGSN] Waiting for GTP-C messages...
[2026-03-05 23:43:32] [MME] Waiting for Initial UE Message...
[2026-03-05 23:43:32] [SGSN] Waiting for GTP-C messages...
[2026-03-05 23:43:37] [MME] Waiting for Initial UE Message...
[2026-03-05 23:43:37] [SGSN] Waiting for GTP-C messages...
[2026-03-05 23:43:42] [MME] Waiting for Initial UE Message...
[2026-03-05 23:43:42] [SGSN] Waiting for GTP-C messages...
[2026-03-05 23:43:47] [MME] Waiting for Initial UE Message...
[2026-03-05 23:43:47] [SGSN] Waiting for GTP-C messages...
[2026-03-05 23:43:52] [MME] Waiting for Initial UE Message...
[2026-03-05 23:43:52] [SGSN] Waiting for GTP-C messages...
[2026-03-05 23:43:57] [MME] Waiting for Initial UE Message...
[2026-03-05 23:43:57] [SGSN] Waiting for GTP-C messages...
[2026-03-05 23:44:02] [SGSN] Waiting for GTP-C messages...
[2026-03-05 23:44:02] [MME] Waiting for Initial UE Message...
[2026-03-05 23:44:07] [SGSN] Waiting for GTP-C messages...
[2026-03-05 23:44:07] [MME] Waiting for Initial UE Message...
[2026-03-05 23:44:12] [SGSN] Waiting for GTP-C messages...
[2026-03-05 23:44:12] [MME] Waiting for Initial UE Message...
[2026-03-05 23:44:17] [SGSN] Waiting for GTP-C messages...
[2026-03-05 23:44:17] [MME] Waiting for Initial UE Message...
[2026-03-05 23:44:22] [SGSN] Waiting for GTP-C messages...
[2026-03-05 23:44:22] [MME] Waiting for Initial UE Message...
[2026-03-05 23:44:27] [SGSN] Waiting for GTP-C messages...
[2026-03-05 23:44:27] [MME] Waiting for Initial UE Message...
[2026-03-05 23:44:32] [SGSN] Waiting for GTP-C messages...
[2026-03-05 23:44:32] [MME] Waiting for Initial UE Message...
[2026-03-05 23:44:37] [SGSN] Waiting for GTP-C messages...
[2026-03-05 23:44:37] [MME] Waiting for Initial UE Message...
[2026-03-05 23:44:42] [SGSN] Waiting for GTP-C messages...
[2026-03-05 23:44:42] [MME] Waiting for Initial UE Message...
[2026-03-05 23:44:47] [SGSN] Waiting for GTP-C messages...
[2026-03-05 23:44:47] [MME] Waiting for Initial UE Message...
[2026-03-05 23:44:52] [SGSN] Waiting for GTP-C messages...
[2026-03-05 23:44:52] [MME] Waiting for Initial UE Message...
[2026-03-05 23:44:57] [SGSN] Waiting for GTP-C messages...
[2026-03-05 23:44:57] [MME] Waiting for Initial UE Message...
[2026-03-05 23:45:02] [SGSN] Waiting for GTP-C messages...
[2026-03-05 23:45:02] [MME] Waiting for Initial UE Message...
[2026-03-05 23:45:07] [SGSN] Waiting for GTP-C messages...
[2026-03-05 23:45:07] [MME] Waiting for Initial UE Message...
[2026-03-05 23:45:12] [SGSN] Waiting for GTP-C messages...
[2026-03-05 23:45:12] [MME] Waiting for Initial UE Message...
[2026-03-05 23:45:17] [SGSN] Waiting for GTP-C messages...
[2026-03-05 23:45:17] [MME] Waiting for Initial UE Message...
[2026-03-05 23:45:22] [SGSN] Waiting for GTP-C messages...
[2026-03-05 23:45:22] [MME] Waiting for Initial UE Message...
[2026-03-05 23:45:27] [SGSN] Waiting for GTP-C messages...
[2026-03-05 23:45:27] [MME] Waiting for Initial UE Message...
[2026-03-05 23:45:32] [MME] Waiting for Initial UE Message...
[2026-03-05 23:45:32] [SGSN] Waiting for GTP-C messages...
[2026-03-05 23:45:37] [SGSN] Waiting for GTP-C messages...
[2026-03-05 23:45:37] [MME] Waiting for Initial UE Message...
